#
# There is insufficient memory for the Java Runtime Environment to continue.
# Native memory allocation (malloc) failed to allocate 970496 bytes for Chunk::new
# Possible reasons:
#   The system is out of physical RAM or swap space
#   The process is running with CompressedOops enabled, and the Java Heap may be blocking the growth of the native heap
# Possible solutions:
#   Reduce memory load on the system
#   Increase physical memory or swap space
#   Check if swap backing store is full
#   Decrease Java heap size (-Xmx/-Xms)
#   Decrease number of Java threads
#   Decrease Java thread stack sizes (-Xss)
#   Set larger code cache with -XX:ReservedCodeCacheSize=
#   JVM is running with Unscaled Compressed Oops mode in which the Java heap is
#     placed in the first 4GB address space. The Java Heap base address is the
#     maximum limit for the native heap growth. Please use -XX:HeapBaseMinAddress
#     to set the Java Heap base and to place the Java Heap above 4GB virtual address.
# This output file may be truncated or incomplete.
#
#  Out of Memory Error (arena.cpp:189), pid=8248, tid=13436
#
# JRE version: Java(TM) SE Runtime Environment (17.0.6+9) (build 17.0.6+9-LTS-190)
# Java VM: Java HotSpot(TM) 64-Bit Server VM (17.0.6+9-LTS-190, mixed mode, sharing, tiered, compressed oops, compressed class ptrs, g1 gc, windows-amd64)
# No core dump will be written. Minidumps are not enabled by default on client versions of Windows
#

---------------  S U M M A R Y ------------

Command Line: -javaagent:C:\Program Files\JetBrains\IntelliJ IDEA Community Edition 2023.1.2\lib\idea_rt.jar=53381:C:\Program Files\JetBrains\IntelliJ IDEA Community Edition 2023.1.2\bin -Dfile.encoding=UTF-8 com.question.QuestionService.QuestionServiceApplication

Host: Intel(R) Core(TM) i3-5005U CPU @ 2.00GHz, 4 cores, 7G,  Windows 10 , 64 bit Build 19041 (10.0.19041.3636)
Time: Sun Mar 10 01:24:32 2024 India Standard Time elapsed time: 19.909689 seconds (0d 0h 0m 19s)

---------------  T H R E A D  ---------------

Current thread (0x000001fd63672720):  JavaThread "C2 CompilerThread0" daemon [_thread_in_native, id=13436, stack(0x000000d21bb00000,0x000000d21bc00000)]


Current CompileTask:
C2:  19983 4649       4       org.springframework.core.annotation.TypeMappedAnnotations::get (52 bytes)

Stack: [0x000000d21bb00000,0x000000d21bc00000]
Native frames: (J=compiled Java code, j=interpreted, Vv=VM code, C=native code)
V  [jvm.dll+0x6734ea]
V  [jvm.dll+0x7d18f4]
V  [jvm.dll+0x7d309e]
V  [jvm.dll+0x7d3703]
V  [jvm.dll+0x2433c5]
V  [jvm.dll+0xaa46b]
V  [jvm.dll+0xaaa0c]
V  [jvm.dll+0x2a8b1f]
V  [jvm.dll+0x57bf85]
V  [jvm.dll+0x21e142]
V  [jvm.dll+0x2177c5]
V  [jvm.dll+0x215109]
V  [jvm.dll+0x1a1730]
V  [jvm.dll+0x224b6e]
V  [jvm.dll+0x222f15]
V  [jvm.dll+0x78753c]
V  [jvm.dll+0x781a7a]
V  [jvm.dll+0x672375]
C  [ucrtbase.dll+0x21bb2]
C  [KERNEL32.DLL+0x17344]
C  [ntdll.dll+0x526b1]


---------------  P R O C E S S  ---------------

Threads class SMR info:
_java_thread_list=0x000001fd6519ac20, length=20, elements={
0x000001fd43e48d60, 0x000001fd63659230, 0x000001fd6365ae60, 0x000001fd6366ca00,
0x000001fd6366f2d0, 0x000001fd63670330, 0x000001fd63670bf0, 0x000001fd63672720,
0x000001fd63680450, 0x000001fd63681c90, 0x000001fd6408ffc0, 0x000001fd644706d0,
0x000001fd64664ab0, 0x000001fd66c09950, 0x000001fd66c09e20, 0x000001fd66c0a2f0,
0x000001fd66c0a7c0, 0x000001fd66c08fb0, 0x000001fd64069200, 0x000001fd6a0ca040
}

Java Threads: ( => current thread )
  0x000001fd43e48d60 JavaThread "main" [_thread_in_native, id=9168, stack(0x000000d21ad00000,0x000000d21ae00000)]
  0x000001fd63659230 JavaThread "Reference Handler" daemon [_thread_blocked, id=12204, stack(0x000000d21b500000,0x000000d21b600000)]
  0x000001fd6365ae60 JavaThread "Finalizer" daemon [_thread_blocked, id=3420, stack(0x000000d21b600000,0x000000d21b700000)]
  0x000001fd6366ca00 JavaThread "Signal Dispatcher" daemon [_thread_blocked, id=7904, stack(0x000000d21b700000,0x000000d21b800000)]
  0x000001fd6366f2d0 JavaThread "Attach Listener" daemon [_thread_blocked, id=8556, stack(0x000000d21b800000,0x000000d21b900000)]
  0x000001fd63670330 JavaThread "Service Thread" daemon [_thread_blocked, id=10248, stack(0x000000d21b900000,0x000000d21ba00000)]
  0x000001fd63670bf0 JavaThread "Monitor Deflation Thread" daemon [_thread_blocked, id=8988, stack(0x000000d21ba00000,0x000000d21bb00000)]
=>0x000001fd63672720 JavaThread "C2 CompilerThread0" daemon [_thread_in_native, id=13436, stack(0x000000d21bb00000,0x000000d21bc00000)]
  0x000001fd63680450 JavaThread "C1 CompilerThread0" daemon [_thread_blocked, id=12308, stack(0x000000d21bc00000,0x000000d21bd00000)]
  0x000001fd63681c90 JavaThread "Sweeper thread" daemon [_thread_blocked, id=10340, stack(0x000000d21bd00000,0x000000d21be00000)]
  0x000001fd6408ffc0 JavaThread "Common-Cleaner" daemon [_thread_blocked, id=9328, stack(0x000000d21be00000,0x000000d21bf00000)]
  0x000001fd644706d0 JavaThread "Monitor Ctrl-Break" daemon [_thread_in_native, id=2592, stack(0x000000d21c000000,0x000000d21c100000)]
  0x000001fd64664ab0 JavaThread "Notification Thread" daemon [_thread_blocked, id=2972, stack(0x000000d21c100000,0x000000d21c200000)]
  0x000001fd66c09950 JavaThread "Catalina-utility-1" [_thread_blocked, id=11152, stack(0x000000d21c700000,0x000000d21c800000)]
  0x000001fd66c09e20 JavaThread "Catalina-utility-2" [_thread_blocked, id=3440, stack(0x000000d21c800000,0x000000d21c900000)]
  0x000001fd66c0a2f0 JavaThread "container-0" [_thread_blocked, id=11248, stack(0x000000d21c900000,0x000000d21ca00000)]
  0x000001fd66c0a7c0 JavaThread "mysql-cj-abandoned-connection-cleanup" daemon [_thread_blocked, id=5784, stack(0x000000d21ca00000,0x000000d21cb00000)]
  0x000001fd66c08fb0 JavaThread "HikariPool-1 housekeeper" daemon [_thread_blocked, id=10464, stack(0x000000d21cc00000,0x000000d21cd00000)]
  0x000001fd64069200 JavaThread "HikariPool-1 connection adder" daemon [_thread_blocked, id=12856, stack(0x000000d21cd00000,0x000000d21ce00000)]
  0x000001fd6a0ca040 JavaThread "C2 CompilerThread1" daemon [_thread_in_native, id=13940, stack(0x000000d21bf00000,0x000000d21c000000)]

Other Threads:
  0x000001fd636536c0 VMThread "VM Thread" [stack: 0x000000d21b400000,0x000000d21b500000] [id=13536]
  0x000001fd64664f80 WatcherThread [stack: 0x000000d21c200000,0x000000d21c300000] [id=10484]
  0x000001fd43ea13e0 GCTaskThread "GC Thread#0" [stack: 0x000000d21af00000,0x000000d21b000000] [id=7848]
  0x000001fd649f4830 GCTaskThread "GC Thread#1" [stack: 0x000000d21c300000,0x000000d21c400000] [id=11776]
  0x000001fd65063450 GCTaskThread "GC Thread#2" [stack: 0x000000d21c400000,0x000000d21c500000] [id=11796]
  0x000001fd6465b7c0 GCTaskThread "GC Thread#3" [stack: 0x000000d21c500000,0x000000d21c600000] [id=2108]
  0x000001fd43eb1fb0 ConcurrentGCThread "G1 Main Marker" [stack: 0x000000d21b000000,0x000000d21b100000] [id=6080]
  0x000001fd43eb28d0 ConcurrentGCThread "G1 Conc#0" [stack: 0x000000d21b100000,0x000000d21b200000] [id=12456]
  0x000001fd43f078e0 ConcurrentGCThread "G1 Refine#0" [stack: 0x000000d21b200000,0x000000d21b300000] [id=11560]
  0x000001fd652b6d10 ConcurrentGCThread "G1 Refine#1" [stack: 0x000000d21c600000,0x000000d21c700000] [id=9820]
  0x000001fd43f08210 ConcurrentGCThread "G1 Service" [stack: 0x000000d21b300000,0x000000d21b400000] [id=9892]

Threads with active compile tasks:
C2 CompilerThread0    20591 4649       4       org.springframework.core.annotation.TypeMappedAnnotations::get (52 bytes)
C2 CompilerThread1    20591 4810   !   4       org.springframework.core.annotation.AnnotationsScanner::processMethodHierarchy (276 bytes)

VM state: not at safepoint (normal execution)

VM Mutex/Monitor currently owned by a thread: None

Heap address: 0x0000000081400000, size: 2028 MB, Compressed Oops mode: 32-bit

CDS archive(s) mapped at: [0x0000000800000000-0x0000000800bd0000-0x0000000800bd0000), size 12386304, SharedBaseAddress: 0x0000000800000000, ArchiveRelocationMode: 0.
Compressed class space mapped at: 0x0000000800c00000-0x0000000840c00000, reserved size: 1073741824
Narrow klass base: 0x0000000800000000, Narrow klass shift: 0, Narrow klass range: 0x100000000

GC Precious Log:
 CPUs: 4 total, 4 available
 Memory: 8109M
 Large Page Support: Disabled
 NUMA Support: Disabled
 Compressed Oops: Enabled (32-bit)
 Heap Region Size: 1M
 Heap Min Capacity: 8M
 Heap Initial Capacity: 128M
 Heap Max Capacity: 2028M
 Pre-touch: Disabled
 Parallel Workers: 4
 Concurrent Workers: 1
 Concurrent Refinement Workers: 4
 Periodic GC: Disabled

Heap:
 garbage-first heap   total 61440K, used 40515K [0x0000000081400000, 0x0000000100000000)
  region size 1024K, 18 young (18432K), 3 survivors (3072K)
 Metaspace       used 57209K, committed 57664K, reserved 1105920K
  class space    used 7873K, committed 8064K, reserved 1048576K

Heap Regions: E=young(eden), S=young(survivor), O=old, HS=humongous(starts), HC=humongous(continues), CS=collection set, F=free, OA=open archive, CA=closed archive, TAMS=top-at-mark-start (previous, next)
|   0|0x0000000081400000, 0x0000000081500000, 0x0000000081500000|100%|HS|  |TAMS 0x0000000081500000, 0x0000000081400000| Complete 
|   1|0x0000000081500000, 0x0000000081600000, 0x0000000081600000|100%|HS|  |TAMS 0x0000000081600000, 0x0000000081500000| Complete 
|   2|0x0000000081600000, 0x0000000081700000, 0x0000000081700000|100%| O|  |TAMS 0x0000000081700000, 0x0000000081600000| Untracked 
|   3|0x0000000081700000, 0x0000000081800000, 0x0000000081800000|100%| O|  |TAMS 0x0000000081800000, 0x0000000081700000| Untracked 
|   4|0x0000000081800000, 0x0000000081900000, 0x0000000081900000|100%| O|  |TAMS 0x0000000081900000, 0x0000000081800000| Untracked 
|   5|0x0000000081900000, 0x0000000081a00000, 0x0000000081a00000|100%| O|  |TAMS 0x0000000081a00000, 0x0000000081900000| Untracked 
|   6|0x0000000081a00000, 0x0000000081b00000, 0x0000000081b00000|100%| O|  |TAMS 0x0000000081b00000, 0x0000000081a00000| Untracked 
|   7|0x0000000081b00000, 0x0000000081c00000, 0x0000000081c00000|100%| O|  |TAMS 0x0000000081c00000, 0x0000000081b00000| Untracked 
|   8|0x0000000081c00000, 0x0000000081d00000, 0x0000000081d00000|100%| O|  |TAMS 0x0000000081c00000, 0x0000000081c00000| Untracked 
|   9|0x0000000081d00000, 0x0000000081e00000, 0x0000000081e00000|100%| O|  |TAMS 0x0000000081e00000, 0x0000000081d00000| Untracked 
|  10|0x0000000081e00000, 0x0000000081f00000, 0x0000000081f00000|100%| O|  |TAMS 0x0000000081f00000, 0x0000000081e00000| Untracked 
|  11|0x0000000081f00000, 0x0000000082000000, 0x0000000082000000|100%| O|  |TAMS 0x0000000082000000, 0x0000000081f00000| Untracked 
|  12|0x0000000082000000, 0x0000000082100000, 0x0000000082100000|100%| O|  |TAMS 0x0000000082000000, 0x0000000082000000| Untracked 
|  13|0x0000000082100000, 0x0000000082200000, 0x0000000082200000|100%| O|  |TAMS 0x0000000082100000, 0x0000000082100000| Untracked 
|  14|0x0000000082200000, 0x0000000082300000, 0x0000000082300000|100%| O|  |TAMS 0x0000000082200000, 0x0000000082200000| Untracked 
|  15|0x0000000082300000, 0x0000000082400000, 0x0000000082400000|100%| O|  |TAMS 0x0000000082300000, 0x0000000082300000| Untracked 
|  16|0x0000000082400000, 0x0000000082400000, 0x0000000082500000|  0%| F|  |TAMS 0x0000000082400000, 0x0000000082400000| Untracked 
|  17|0x0000000082500000, 0x0000000082500000, 0x0000000082600000|  0%| F|  |TAMS 0x0000000082500000, 0x0000000082500000| Untracked 
|  18|0x0000000082600000, 0x0000000082600000, 0x0000000082700000|  0%| F|  |TAMS 0x0000000082600000, 0x0000000082600000| Untracked 
|  19|0x0000000082700000, 0x0000000082700000, 0x0000000082800000|  0%| F|  |TAMS 0x0000000082700000, 0x0000000082700000| Untracked 
|  20|0x0000000082800000, 0x0000000082900000, 0x0000000082900000|100%| O|  |TAMS 0x0000000082900000, 0x0000000082800000| Untracked 
|  21|0x0000000082900000, 0x0000000082a00000, 0x0000000082a00000|100%| O|  |TAMS 0x0000000082a00000, 0x0000000082900000| Untracked 
|  22|0x0000000082a00000, 0x0000000082b00000, 0x0000000082b00000|100%| O|  |TAMS 0x0000000082b00000, 0x0000000082a00000| Untracked 
|  23|0x0000000082b00000, 0x0000000082c00000, 0x0000000082c00000|100%| O|  |TAMS 0x0000000082c00000, 0x0000000082b00000| Untracked 
|  24|0x0000000082c00000, 0x0000000082d00000, 0x0000000082d00000|100%| O|  |TAMS 0x0000000082d00000, 0x0000000082c00000| Untracked 
|  25|0x0000000082d00000, 0x0000000082e00000, 0x0000000082e00000|100%| O|  |TAMS 0x0000000082e00000, 0x0000000082d00000| Untracked 
|  26|0x0000000082e00000, 0x0000000082f00000, 0x0000000082f00000|100%| O|  |TAMS 0x0000000082ee8800, 0x0000000082e00000| Untracked 
|  27|0x0000000082f00000, 0x0000000082f00000, 0x0000000083000000|  0%| F|  |TAMS 0x0000000082f00000, 0x0000000082f00000| Untracked 
|  28|0x0000000083000000, 0x0000000083000000, 0x0000000083100000|  0%| F|  |TAMS 0x0000000083000000, 0x0000000083000000| Untracked 
|  29|0x0000000083100000, 0x0000000083100000, 0x0000000083200000|  0%| F|  |TAMS 0x0000000083100000, 0x0000000083100000| Untracked 
|  30|0x0000000083200000, 0x0000000083200000, 0x0000000083300000|  0%| F|  |TAMS 0x0000000083200000, 0x0000000083200000| Untracked 
|  31|0x0000000083300000, 0x0000000083300000, 0x0000000083400000|  0%| F|  |TAMS 0x0000000083300000, 0x0000000083300000| Untracked 
|  32|0x0000000083400000, 0x0000000083400000, 0x0000000083500000|  0%| F|  |TAMS 0x0000000083400000, 0x0000000083400000| Untracked 
|  33|0x0000000083500000, 0x0000000083590ec0, 0x0000000083600000| 56%| S|CS|TAMS 0x0000000083500000, 0x0000000083500000| Complete 
|  34|0x0000000083600000, 0x0000000083700000, 0x0000000083700000|100%| S|CS|TAMS 0x0000000083600000, 0x0000000083600000| Complete 
|  35|0x0000000083700000, 0x0000000083800000, 0x0000000083800000|100%| S|CS|TAMS 0x0000000083700000, 0x0000000083700000| Complete 
|  36|0x0000000083800000, 0x0000000083800000, 0x0000000083900000|  0%| F|  |TAMS 0x0000000083800000, 0x0000000083800000| Untracked 
|  37|0x0000000083900000, 0x0000000083900000, 0x0000000083a00000|  0%| F|  |TAMS 0x0000000083900000, 0x0000000083900000| Untracked 
|  38|0x0000000083a00000, 0x0000000083a00000, 0x0000000083b00000|  0%| F|  |TAMS 0x0000000083a00000, 0x0000000083a00000| Untracked 
|  39|0x0000000083b00000, 0x0000000083b00000, 0x0000000083c00000|  0%| F|  |TAMS 0x0000000083b00000, 0x0000000083b00000| Untracked 
|  40|0x0000000083c00000, 0x0000000083c00000, 0x0000000083d00000|  0%| F|  |TAMS 0x0000000083c00000, 0x0000000083c00000| Untracked 
|  41|0x0000000083d00000, 0x0000000083d00000, 0x0000000083e00000|  0%| F|  |TAMS 0x0000000083d00000, 0x0000000083d00000| Untracked 
|  42|0x0000000083e00000, 0x0000000083e00000, 0x0000000083f00000|  0%| F|  |TAMS 0x0000000083e00000, 0x0000000083e00000| Untracked 
|  43|0x0000000083f00000, 0x0000000083f00000, 0x0000000084000000|  0%| F|  |TAMS 0x0000000083f00000, 0x0000000083f00000| Untracked 
|  44|0x0000000084000000, 0x0000000084000000, 0x0000000084100000|  0%| F|  |TAMS 0x0000000084000000, 0x0000000084000000| Untracked 
|  45|0x0000000084100000, 0x0000000084200000, 0x0000000084200000|100%| E|  |TAMS 0x0000000084100000, 0x0000000084100000| Complete 
|  46|0x0000000084200000, 0x0000000084300000, 0x0000000084300000|100%| E|CS|TAMS 0x0000000084200000, 0x0000000084200000| Complete 
|  47|0x0000000084300000, 0x0000000084400000, 0x0000000084400000|100%| E|CS|TAMS 0x0000000084300000, 0x0000000084300000| Complete 
|  48|0x0000000084400000, 0x0000000084500000, 0x0000000084500000|100%| E|CS|TAMS 0x0000000084400000, 0x0000000084400000| Complete 
|  49|0x0000000084500000, 0x0000000084600000, 0x0000000084600000|100%| E|CS|TAMS 0x0000000084500000, 0x0000000084500000| Complete 
|  50|0x0000000084600000, 0x0000000084700000, 0x0000000084700000|100%| E|CS|TAMS 0x0000000084600000, 0x0000000084600000| Complete 
|  55|0x0000000084b00000, 0x0000000084c00000, 0x0000000084c00000|100%| E|CS|TAMS 0x0000000084b00000, 0x0000000084b00000| Complete 
|  56|0x0000000084c00000, 0x0000000084d00000, 0x0000000084d00000|100%| E|CS|TAMS 0x0000000084c00000, 0x0000000084c00000| Complete 
|  57|0x0000000084d00000, 0x0000000084e00000, 0x0000000084e00000|100%| E|CS|TAMS 0x0000000084d00000, 0x0000000084d00000| Complete 
|  58|0x0000000084e00000, 0x0000000084f00000, 0x0000000084f00000|100%| E|CS|TAMS 0x0000000084e00000, 0x0000000084e00000| Complete 
|  59|0x0000000084f00000, 0x0000000085000000, 0x0000000085000000|100%| E|CS|TAMS 0x0000000084f00000, 0x0000000084f00000| Complete 
|  60|0x0000000085000000, 0x0000000085100000, 0x0000000085100000|100%| E|CS|TAMS 0x0000000085000000, 0x0000000085000000| Complete 
|  61|0x0000000085100000, 0x0000000085200000, 0x0000000085200000|100%| E|CS|TAMS 0x0000000085100000, 0x0000000085100000| Complete 
|  62|0x0000000085200000, 0x0000000085300000, 0x0000000085300000|100%| E|CS|TAMS 0x0000000085200000, 0x0000000085200000| Complete 
| 127|0x0000000089300000, 0x0000000089400000, 0x0000000089400000|100%| E|CS|TAMS 0x0000000089300000, 0x0000000089300000| Complete 

Card table byte_map: [0x000001fd5c8f0000,0x000001fd5ccf0000] _byte_map_base: 0x000001fd5c4e6000

Marking Bits (Prev, Next): (CMBitMap*) 0x000001fd43ea1900, (CMBitMap*) 0x000001fd43ea1940
 Prev Bits: [0x000001fd5d0f0000, 0x000001fd5f0a0000)
 Next Bits: [0x000001fd5f0a0000, 0x000001fd61050000)

Polling page: 0x000001fd43c30000

Metaspace:

Usage:
  Non-class:     48.18 MB used.
      Class:      7.69 MB used.
       Both:     55.87 MB used.

Virtual space:
  Non-class space:       56.00 MB reserved,      48.44 MB ( 86%) committed,  7 nodes.
      Class space:        1.00 GB reserved,       7.88 MB ( <1%) committed,  1 nodes.
             Both:        1.05 GB reserved,      56.31 MB (  5%) committed. 

Chunk freelists:
   Non-Class:  2.89 MB
       Class:  130.00 KB
        Both:  3.02 MB

MaxMetaspaceSize: unlimited
CompressedClassSpaceSize: 1.00 GB
Initial GC threshold: 21.00 MB
Current GC threshold: 59.00 MB
CDS: on
MetaspaceReclaimPolicy: balanced
 - commit_granule_bytes: 65536.
 - commit_granule_words: 8192.
 - virtual_space_node_default_size: 1048576.
 - enlarge_chunks_in_place: 1.
 - new_chunks_are_fully_committed: 0.
 - uncommit_free_chunks: 1.
 - use_allocation_guard: 0.
 - handle_deallocations: 1.


Internal statistics:

num_allocs_failed_limit: 6.
num_arena_births: 634.
num_arena_deaths: 0.
num_vsnodes_births: 8.
num_vsnodes_deaths: 0.
num_space_committed: 901.
num_space_uncommitted: 0.
num_chunks_returned_to_freelist: 6.
num_chunks_taken_from_freelist: 2669.
num_chunk_merges: 6.
num_chunk_splits: 1982.
num_chunks_enlarged: 1592.
num_purges: 0.
num_inconsistent_stats: 0.

CodeHeap 'non-profiled nmethods': size=120000Kb used=2671Kb max_used=3130Kb free=117328Kb
 bounds [0x000001fd549a0000, 0x000001fd54cb0000, 0x000001fd5bed0000]
CodeHeap 'profiled nmethods': size=120000Kb used=8052Kb max_used=9455Kb free=111947Kb
 bounds [0x000001fd4ced0000, 0x000001fd4d810000, 0x000001fd54400000]
CodeHeap 'non-nmethods': size=5760Kb used=1307Kb max_used=1356Kb free=4452Kb
 bounds [0x000001fd54400000, 0x000001fd54670000, 0x000001fd549a0000]
 total_blobs=4757 nmethods=4124 adapters=544
 compilation: enabled
              stopped_count=0, restarted_count=0
 full_count=0

Compilation events (20 events):
Event: 19.388 Thread 0x000001fd63680450 4831       2       java.util.stream.MatchOps$MatchOp::evaluateSequential (27 bytes)
Event: 19.389 Thread 0x000001fd63680450 nmethod 4831 0x000001fd4d11ca10 code [0x000001fd4d11cbc0, 0x000001fd4d11cdb8]
Event: 19.389 Thread 0x000001fd63680450 4832       2       java.util.stream.MatchOps$BooleanTerminalSink::<init> (21 bytes)
Event: 19.389 Thread 0x000001fd63680450 nmethod 4832 0x000001fd4d0cee90 code [0x000001fd4d0cf020, 0x000001fd4d0cf158]
Event: 19.395 Thread 0x000001fd63680450 4833       2       org.springframework.core.annotation.AttributeMethods$$Lambda$79/0x0000000800c8d330::compare (12 bytes)
Event: 19.395 Thread 0x000001fd63680450 nmethod 4833 0x000001fd4cfa5d10 code [0x000001fd4cfa5ec0, 0x000001fd4cfa60a8]
Event: 19.395 Thread 0x000001fd63680450 4834       2       org.springframework.core.annotation.AttributeMethods::lambda$static$0 (30 bytes)
Event: 19.395 Thread 0x000001fd63680450 nmethod 4834 0x000001fd4d68e010 code [0x000001fd4d68e1c0, 0x000001fd4d68e328]
Event: 19.395 Thread 0x000001fd63680450 4835       2       sun.reflect.annotation.AnnotationParser::skipMemberValue (65 bytes)
Event: 19.396 Thread 0x000001fd63680450 nmethod 4835 0x000001fd4cfe8a10 code [0x000001fd4cfe8c00, 0x000001fd4cfe8eb8]
Event: 19.396 Thread 0x000001fd63680450 4836       1       java.lang.reflect.ProxyGenerator::getClassLoader (5 bytes)
Event: 19.396 Thread 0x000001fd63680450 nmethod 4836 0x000001fd54a01010 code [0x000001fd54a011a0, 0x000001fd54a01278]
Event: 19.396 Thread 0x000001fd63680450 4837   !   2       org.springframework.util.ConcurrentReferenceHashMap$Segment::restructure (411 bytes)
Event: 19.399 Thread 0x000001fd63680450 nmethod 4837 0x000001fd4cef2910 code [0x000001fd4cef2c40, 0x000001fd4cef3d38]
Event: 19.692 Thread 0x000001fd63672720 nmethod 4669 0x000001fd54c04f10 code [0x000001fd54c05700, 0x000001fd54c0e338]
Event: 19.694 Thread 0x000001fd63672720 4649       4       org.springframework.core.annotation.TypeMappedAnnotations::get (52 bytes)
Event: 19.729 Thread 0x000001fd63680450 4838       2       java.lang.invoke.LambdaFormEditor$TransformKey::of (51 bytes)
Event: 19.730 Thread 0x000001fd63680450 nmethod 4838 0x000001fd4cfe8310 code [0x000001fd4cfe84e0, 0x000001fd4cfe88a8]
Event: 19.730 Thread 0x000001fd63680450 4839       2       java.lang.invoke.LambdaFormEditor$TransformKey::packedBytes (39 bytes)
Event: 19.730 Thread 0x000001fd63680450 nmethod 4839 0x000001fd4cf65510 code [0x000001fd4cf656a0, 0x000001fd4cf65798]

GC Heap History (20 events):
Event: 1.843 GC heap before
{Heap before GC invocations=1 (full 0):
 garbage-first heap   total 131072K, used 16570K [0x0000000081400000, 0x0000000100000000)
  region size 1024K, 10 young (10240K), 2 survivors (2048K)
 Metaspace       used 5056K, committed 5248K, reserved 1056768K
  class space    used 564K, committed 640K, reserved 1048576K
}
Event: 1.848 GC heap after
{Heap after GC invocations=2 (full 0):
 garbage-first heap   total 131072K, used 9314K [0x0000000081400000, 0x0000000100000000)
  region size 1024K, 1 young (1024K), 1 survivors (1024K)
 Metaspace       used 5056K, committed 5248K, reserved 1056768K
  class space    used 564K, committed 640K, reserved 1048576K
}
Event: 3.351 GC heap before
{Heap before GC invocations=2 (full 0):
 garbage-first heap   total 131072K, used 29794K [0x0000000081400000, 0x0000000100000000)
  region size 1024K, 21 young (21504K), 1 survivors (1024K)
 Metaspace       used 10409K, committed 10624K, reserved 1064960K
  class space    used 1259K, committed 1344K, reserved 1048576K
}
Event: 3.356 GC heap after
{Heap after GC invocations=3 (full 0):
 garbage-first heap   total 131072K, used 10789K [0x0000000081400000, 0x0000000100000000)
  region size 1024K, 3 young (3072K), 3 survivors (3072K)
 Metaspace       used 10409K, committed 10624K, reserved 1064960K
  class space    used 1259K, committed 1344K, reserved 1048576K
}
Event: 7.018 GC heap before
{Heap before GC invocations=3 (full 0):
 garbage-first heap   total 131072K, used 72229K [0x0000000081400000, 0x0000000100000000)
  region size 1024K, 65 young (66560K), 3 survivors (3072K)
 Metaspace       used 21266K, committed 21504K, reserved 1073152K
  class space    used 2586K, committed 2688K, reserved 1048576K
}
Event: 7.040 GC heap after
{Heap after GC invocations=4 (full 0):
 garbage-first heap   total 131072K, used 15851K [0x0000000081400000, 0x0000000100000000)
  region size 1024K, 8 young (8192K), 8 survivors (8192K)
 Metaspace       used 21266K, committed 21504K, reserved 1073152K
  class space    used 2586K, committed 2688K, reserved 1048576K
}
Event: 9.736 GC heap before
{Heap before GC invocations=5 (full 0):
 garbage-first heap   total 61440K, used 47595K [0x0000000081400000, 0x0000000100000000)
  region size 1024K, 40 young (40960K), 8 survivors (8192K)
 Metaspace       used 26668K, committed 27072K, reserved 1073152K
  class space    used 3474K, committed 3648K, reserved 1048576K
}
Event: 9.781 GC heap after
{Heap after GC invocations=6 (full 0):
 garbage-first heap   total 61440K, used 18216K [0x0000000081400000, 0x0000000100000000)
  region size 1024K, 8 young (8192K), 8 survivors (8192K)
 Metaspace       used 26668K, committed 27072K, reserved 1073152K
  class space    used 3474K, committed 3648K, reserved 1048576K
}
Event: 9.908 GC heap before
{Heap before GC invocations=6 (full 0):
 garbage-first heap   total 61440K, used 19240K [0x0000000081400000, 0x0000000100000000)
  region size 1024K, 9 young (9216K), 8 survivors (8192K)
 Metaspace       used 26801K, committed 27200K, reserved 1073152K
  class space    used 3495K, committed 3648K, reserved 1048576K
}
Event: 9.932 GC heap after
{Heap after GC invocations=7 (full 0):
 garbage-first heap   total 61440K, used 19362K [0x0000000081400000, 0x0000000100000000)
  region size 1024K, 1 young (1024K), 1 survivors (1024K)
 Metaspace       used 26801K, committed 27200K, reserved 1073152K
  class space    used 3495K, committed 3648K, reserved 1048576K
}
Event: 12.499 GC heap before
{Heap before GC invocations=7 (full 0):
 garbage-first heap   total 61440K, used 43938K [0x0000000081400000, 0x0000000100000000)
  region size 1024K, 24 young (24576K), 1 survivors (1024K)
 Metaspace       used 30643K, committed 31104K, reserved 1081344K
  class space    used 4019K, committed 4224K, reserved 1048576K
}
Event: 12.506 GC heap after
{Heap after GC invocations=8 (full 0):
 garbage-first heap   total 61440K, used 20300K [0x0000000081400000, 0x0000000100000000)
  region size 1024K, 2 young (2048K), 2 survivors (2048K)
 Metaspace       used 30643K, committed 31104K, reserved 1081344K
  class space    used 4019K, committed 4224K, reserved 1048576K
}
Event: 14.279 GC heap before
{Heap before GC invocations=8 (full 0):
 garbage-first heap   total 61440K, used 38732K [0x0000000081400000, 0x0000000100000000)
  region size 1024K, 21 young (21504K), 2 survivors (2048K)
 Metaspace       used 35567K, committed 35968K, reserved 1081344K
  class space    used 4743K, committed 4928K, reserved 1048576K
}
Event: 14.285 GC heap after
{Heap after GC invocations=9 (full 0):
 garbage-first heap   total 61440K, used 21109K [0x0000000081400000, 0x0000000100000000)
  region size 1024K, 3 young (3072K), 3 survivors (3072K)
 Metaspace       used 35567K, committed 35968K, reserved 1081344K
  class space    used 4743K, committed 4928K, reserved 1048576K
}
Event: 16.214 GC heap before
{Heap before GC invocations=10 (full 0):
 garbage-first heap   total 61440K, used 45685K [0x0000000081400000, 0x0000000100000000)
  region size 1024K, 28 young (28672K), 3 survivors (3072K)
 Metaspace       used 42693K, committed 43136K, reserved 1089536K
  class space    used 5696K, committed 5952K, reserved 1048576K
}
Event: 16.227 GC heap after
{Heap after GC invocations=11 (full 0):
 garbage-first heap   total 61440K, used 23676K [0x0000000081400000, 0x0000000100000000)
  region size 1024K, 4 young (4096K), 4 survivors (4096K)
 Metaspace       used 42693K, committed 43136K, reserved 1089536K
  class space    used 5696K, committed 5952K, reserved 1048576K
}
Event: 17.541 GC heap before
{Heap before GC invocations=11 (full 0):
 garbage-first heap   total 61440K, used 45180K [0x0000000081400000, 0x0000000100000000)
  region size 1024K, 26 young (26624K), 4 survivors (4096K)
 Metaspace       used 49434K, committed 49856K, reserved 1097728K
  class space    used 6737K, committed 6976K, reserved 1048576K
}
Event: 17.549 GC heap after
{Heap after GC invocations=12 (full 0):
 garbage-first heap   total 61440K, used 24730K [0x0000000081400000, 0x0000000100000000)
  region size 1024K, 2 young (2048K), 2 survivors (2048K)
 Metaspace       used 49434K, committed 49856K, reserved 1097728K
  class space    used 6737K, committed 6976K, reserved 1048576K
}
Event: 18.546 GC heap before
{Heap before GC invocations=12 (full 0):
 garbage-first heap   total 61440K, used 47258K [0x0000000081400000, 0x0000000100000000)
  region size 1024K, 24 young (24576K), 2 survivors (2048K)
 Metaspace       used 54502K, committed 54976K, reserved 1097728K
  class space    used 7488K, committed 7744K, reserved 1048576K
}
Event: 18.557 GC heap after
{Heap after GC invocations=13 (full 0):
 garbage-first heap   total 61440K, used 26179K [0x0000000081400000, 0x0000000100000000)
  region size 1024K, 3 young (3072K), 3 survivors (3072K)
 Metaspace       used 54502K, committed 54976K, reserved 1097728K
  class space    used 7488K, committed 7744K, reserved 1048576K
}

Deoptimization events (20 events):
Event: 19.244 Thread 0x000001fd43e48d60 Uncommon trap: trap_request=0xffffffbe fr.pc=0x000001fd54c181dc relative=0x00000000000040fc
Event: 19.244 Thread 0x000001fd43e48d60 Uncommon trap: reason=profile_predicate action=maybe_recompile pc=0x000001fd54c181dc method=org.springframework.util.ReflectionUtils.doWithMethods(Ljava/lang/Class;Lorg/springframework/util/ReflectionUtils$MethodCallback;Lorg/springframework/util/Reflecti
Event: 19.244 Thread 0x000001fd43e48d60 DEOPT PACKING pc=0x000001fd54c181dc sp=0x000000d21adfcd40
Event: 19.244 Thread 0x000001fd43e48d60 DEOPT UNPACKING pc=0x000001fd544523a3 sp=0x000000d21adfcd98 mode 2
Event: 19.251 Thread 0x000001fd43e48d60 Uncommon trap: trap_request=0xffffffbe fr.pc=0x000001fd54c181dc relative=0x00000000000040fc
Event: 19.251 Thread 0x000001fd43e48d60 Uncommon trap: reason=profile_predicate action=maybe_recompile pc=0x000001fd54c181dc method=org.springframework.util.ReflectionUtils.doWithMethods(Ljava/lang/Class;Lorg/springframework/util/ReflectionUtils$MethodCallback;Lorg/springframework/util/Reflecti
Event: 19.251 Thread 0x000001fd43e48d60 DEOPT PACKING pc=0x000001fd54c181dc sp=0x000000d21adfcc90
Event: 19.251 Thread 0x000001fd43e48d60 DEOPT UNPACKING pc=0x000001fd544523a3 sp=0x000000d21adfcce8 mode 2
Event: 19.266 Thread 0x000001fd43e48d60 Uncommon trap: trap_request=0xffffffbe fr.pc=0x000001fd54c181dc relative=0x00000000000040fc
Event: 19.266 Thread 0x000001fd43e48d60 Uncommon trap: reason=profile_predicate action=maybe_recompile pc=0x000001fd54c181dc method=org.springframework.util.ReflectionUtils.doWithMethods(Ljava/lang/Class;Lorg/springframework/util/ReflectionUtils$MethodCallback;Lorg/springframework/util/Reflecti
Event: 19.266 Thread 0x000001fd43e48d60 DEOPT PACKING pc=0x000001fd54c181dc sp=0x000000d21adfcd40
Event: 19.266 Thread 0x000001fd43e48d60 DEOPT UNPACKING pc=0x000001fd544523a3 sp=0x000000d21adfcd98 mode 2
Event: 19.270 Thread 0x000001fd43e48d60 Uncommon trap: trap_request=0xffffffbe fr.pc=0x000001fd54c181dc relative=0x00000000000040fc
Event: 19.270 Thread 0x000001fd43e48d60 Uncommon trap: reason=profile_predicate action=maybe_recompile pc=0x000001fd54c181dc method=org.springframework.util.ReflectionUtils.doWithMethods(Ljava/lang/Class;Lorg/springframework/util/ReflectionUtils$MethodCallback;Lorg/springframework/util/Reflecti
Event: 19.270 Thread 0x000001fd43e48d60 DEOPT PACKING pc=0x000001fd54c181dc sp=0x000000d21adfcc90
Event: 19.270 Thread 0x000001fd43e48d60 DEOPT UNPACKING pc=0x000001fd544523a3 sp=0x000000d21adfcce8 mode 2
Event: 19.725 Thread 0x000001fd43e48d60 Uncommon trap: trap_request=0xffffffc6 fr.pc=0x000001fd54b018c0 relative=0x00000000000004e0
Event: 19.725 Thread 0x000001fd43e48d60 Uncommon trap: reason=bimorphic_or_optimized_type_check action=maybe_recompile pc=0x000001fd54b018c0 method=java.util.Collections$UnmodifiableCollection.contains(Ljava/lang/Object;)Z @ 5 c2
Event: 19.725 Thread 0x000001fd43e48d60 DEOPT PACKING pc=0x000001fd54b018c0 sp=0x000000d21adfbe50
Event: 19.725 Thread 0x000001fd43e48d60 DEOPT UNPACKING pc=0x000001fd544523a3 sp=0x000000d21adfbdf8 mode 2

Classes unloaded (0 events):
No events

Classes redefined (0 events):
No events

Internal exceptions (20 events):
Event: 17.822 Thread 0x000001fd43e48d60 Exception <a 'java/lang/NoSuchMethodError'{0x0000000084de6f00}: 'void java.lang.invoke.DirectMethodHandle$Holder.invokeInterface(java.lang.Object, java.lang.Object, int, java.lang.Object)'> (0x0000000084de6f00) 
thrown [s\open\src\hotspot\share\interpreter\linkResolver.cpp, line 759]
Event: 17.827 Thread 0x000001fd43e48d60 Exception <a 'java/lang/NoSuchMethodError'{0x0000000084c0dd08}: 'java.lang.Object java.lang.invoke.DirectMethodHandle$Holder.newInvokeSpecial(java.lang.Object, java.lang.Object, int, java.lang.Object)'> (0x0000000084c0dd08) 
thrown [s\open\src\hotspot\share\interpreter\linkResolver.cpp, line 759]
Event: 17.827 Thread 0x000001fd43e48d60 Exception <a 'java/lang/NoSuchMethodError'{0x0000000084c118d0}: 'java.lang.Object java.lang.invoke.Invokers$Holder.linkToTargetMethod(java.lang.Object, int, java.lang.Object, java.lang.Object)'> (0x0000000084c118d0) 
thrown [s\open\src\hotspot\share\interpreter\linkResolver.cpp, line 759]
Event: 17.839 Thread 0x000001fd43e48d60 Exception <a 'java/lang/NoSuchMethodError'{0x0000000084c6e308}: 'void java.lang.invoke.DirectMethodHandle$Holder.invokeSpecial(java.lang.Object, java.lang.Object, java.lang.Object, java.lang.Object, java.lang.Object, java.lang.Object, java.lang.Object, java.lang.Object)'> (0x0000000084c6e308) 
thrown [s\open\src\hotspot\share\interpreter\linkResolver.cpp, line 759]
Event: 17.851 Thread 0x000001fd43e48d60 Exception <a 'java/lang/NoSuchMethodError'{0x0000000084cb1d08}: 'java.lang.Object java.lang.invoke.DirectMethodHandle$Holder.newInvokeSpecial(java.lang.Object, java.lang.Object, int)'> (0x0000000084cb1d08) 
thrown [s\open\src\hotspot\share\interpreter\linkResolver.cpp, line 759]
Event: 17.889 Thread 0x000001fd43e48d60 Exception <a 'java/lang/NoSuchMethodError'{0x0000000084606978}: 'int java.lang.invoke.DirectMethodHandle$Holder.invokeStatic(java.lang.Object, int, java.lang.Object)'> (0x0000000084606978) 
thrown [s\open\src\hotspot\share\interpreter\linkResolver.cpp, line 759]
Event: 17.892 Thread 0x000001fd43e48d60 Exception <a 'java/lang/NoSuchMethodError'{0x00000000846264a8}: 'java.lang.Object java.lang.invoke.DirectMethodHandle$Holder.newInvokeSpecial(java.lang.Object, java.lang.Object, java.lang.Object, java.lang.Object, java.lang.Object, int, java.lang.Object)'> (0x00000000846264a8) 
thrown [s\open\src\hotspot\share\interpreter\linkResolver.cpp, line 759]
Event: 17.898 Thread 0x000001fd43e48d60 Exception <a 'java/lang/NoSuchMethodError'{0x000000008465cf68}: 'java.lang.Object java.lang.invoke.DirectMethodHandle$Holder.newInvokeSpecial(java.lang.Object, java.lang.Object, java.lang.Object, java.lang.Object, java.lang.Object, java.lang.Object, java.lang.Object, java.lang.Object, java.lang.Object, java.lang.Object, java.lang.Object, java.lang.Object)'> (0x000000008465cf68) 
thrown [s\open\src\hotspot\share\interpreter\linkResolver.cpp, line 759]
Event: 17.899 Thread 0x000001fd43e48d60 Exception <a 'java/lang/NoSuchMethodError'{0x0000000084661a00}: 'java.lang.Object java.lang.invoke.DirectMethodHandle$Holder.invokeSpecial(java.lang.Object, java.lang.Object, java.lang.Object, java.lang.Object, java.lang.Object, java.lang.Object, java.lang.Object, java.lang.Object, java.lang.Object, java.lang.Object, java.lang.Object, java.lang.Object, java.lang.Object)'> (0x0000000084661a00) 
thrown [s\open\src\hotspot\share\interpreter\linkResolver.cpp, line 759]
Event: 17.899 Thread 0x000001fd43e48d60 Exception <a 'java/lang/NoSuchMethodError'{0x0000000084666118}: 'java.lang.Object java.lang.invoke.Invokers$Holder.linkToTargetMethod(java.lang.Object, java.lang.Object, java.lang.Object, java.lang.Object, java.lang.Object, java.lang.Object, java.lang.Object, java.lang.Object, java.lang.Object, java.lang.Object, java.lang.Object, java.lang.Object)'> (0x0000000084666118) 
thrown [s\open\src\hotspot\share\interpreter\linkResolver.cpp, line 759]
Event: 17.964 Thread 0x000001fd43e48d60 Exception <a 'java/lang/NoSuchMethodError'{0x000000008440e4c8}: 'java.lang.Object java.lang.invoke.DirectMethodHandle$Holder.newInvokeSpecial(java.lang.Object, java.lang.Object, java.lang.Object, java.lang.Object, java.lang.Object, java.lang.Object)'> (0x000000008440e4c8) 
thrown [s\open\src\hotspot\share\interpreter\linkResolver.cpp, line 759]
Event: 17.984 Thread 0x000001fd43e48d60 Exception <a 'java/lang/NoSuchMethodError'{0x000000008447a390}: 'java.lang.Object java.lang.invoke.DirectMethodHandle$Holder.newInvokeSpecial(java.lang.Object, java.lang.Object, java.lang.Object, java.lang.Object, java.lang.Object, java.lang.Object, java.lang.Object, int)'> (0x000000008447a390) 
thrown [s\open\src\hotspot\share\interpreter\linkResolver.cpp, line 759]
Event: 17.985 Thread 0x000001fd43e48d60 Exception <a 'java/lang/NoSuchMethodError'{0x000000008447f388}: 'java.lang.Object java.lang.invoke.DirectMethodHandle$Holder.invokeSpecial(java.lang.Object, java.lang.Object, java.lang.Object, java.lang.Object, java.lang.Object, java.lang.Object, java.lang.Object, java.lang.Object, int)'> (0x000000008447f388) 
thrown [s\open\src\hotspot\share\interpreter\linkResolver.cpp, line 759]
Event: 17.985 Thread 0x000001fd43e48d60 Exception <a 'java/lang/NoSuchMethodError'{0x0000000084483e50}: 'java.lang.Object java.lang.invoke.Invokers$Holder.linkToTargetMethod(java.lang.Object, java.lang.Object, java.lang.Object, java.lang.Object, java.lang.Object, java.lang.Object, int, java.lang.Object)'> (0x0000000084483e50) 
thrown [s\open\src\hotspot\share\interpreter\linkResolver.cpp, line 759]
Event: 18.026 Thread 0x000001fd43e48d60 Exception <a 'java/lang/NoSuchMethodError'{0x0000000084355dd0}: 'void java.lang.invoke.DirectMethodHandle$Holder.invokeInterface(java.lang.Object, java.lang.Object)'> (0x0000000084355dd0) 
thrown [s\open\src\hotspot\share\interpreter\linkResolver.cpp, line 759]
Event: 18.426 Thread 0x000001fd43e48d60 Exception <a 'java/lang/IncompatibleClassChangeError'{0x0000000083cc05f0}: Found class java.lang.Object, but interface was expected> (0x0000000083cc05f0) 
thrown [s\open\src\hotspot\share\interpreter\linkResolver.cpp, line 826]
Event: 18.449 Thread 0x000001fd43e48d60 Exception <a 'java/lang/IncompatibleClassChangeError'{0x0000000083b3a088}: Found class java.lang.Object, but interface was expected> (0x0000000083b3a088) 
thrown [s\open\src\hotspot\share\interpreter\linkResolver.cpp, line 826]
Event: 18.518 Thread 0x000001fd43e48d60 Exception <a 'java/lang/IncompatibleClassChangeError'{0x0000000083aa3d18}: Found class java.lang.Object, but interface was expected> (0x0000000083aa3d18) 
thrown [s\open\src\hotspot\share\interpreter\linkResolver.cpp, line 826]
Event: 19.159 Thread 0x000001fd43e48d60 Exception <a 'java/lang/IncompatibleClassChangeError'{0x0000000084ea9d40}: Found class java.lang.Object, but interface was expected> (0x0000000084ea9d40) 
thrown [s\open\src\hotspot\share\interpreter\linkResolver.cpp, line 826]
Event: 19.731 Thread 0x000001fd43e48d60 Exception <a 'java/lang/reflect/InvocationTargetException'{0x000000008436f0b0}> (0x000000008436f0b0) 
thrown [s\open\src\hotspot\share\runtime\reflection.cpp, line 1121]

VM Operations (20 events):
Event: 16.911 Executing VM operation: HandshakeAllThreads
Event: 16.911 Executing VM operation: HandshakeAllThreads done
Event: 16.974 Executing VM operation: HandshakeAllThreads
Event: 16.974 Executing VM operation: HandshakeAllThreads done
Event: 17.251 Executing VM operation: HandshakeAllThreads
Event: 17.252 Executing VM operation: HandshakeAllThreads done
Event: 17.252 Executing VM operation: Cleanup
Event: 17.252 Executing VM operation: Cleanup done
Event: 17.541 Executing VM operation: G1CollectForAllocation
Event: 17.549 Executing VM operation: G1CollectForAllocation done
Event: 18.247 Executing VM operation: HandshakeAllThreads
Event: 18.247 Executing VM operation: HandshakeAllThreads done
Event: 18.546 Executing VM operation: G1CollectForAllocation
Event: 18.557 Executing VM operation: G1CollectForAllocation done
Event: 18.965 Executing VM operation: HandshakeAllThreads
Event: 18.965 Executing VM operation: HandshakeAllThreads done
Event: 19.286 Executing VM operation: HandshakeAllThreads
Event: 19.286 Executing VM operation: HandshakeAllThreads done
Event: 19.286 Executing VM operation: HandshakeAllThreads
Event: 19.286 Executing VM operation: HandshakeAllThreads done

Events (20 events):
Event: 17.263 Thread 0x000001fd63681c90 flushing nmethod 0x000001fd4d7ac510
Event: 17.652 loading class java/lang/reflect/AnnotatedArrayType
Event: 17.653 loading class java/lang/reflect/AnnotatedArrayType done
Event: 18.142 Thread 0x000001fd6a0ca040 Thread added: 0x000001fd6a0ca040
Event: 18.290 loading class javax/naming/Reference
Event: 18.290 loading class javax/naming/Reference done
Event: 18.338 loading class java/lang/SafeVarargs
Event: 18.338 loading class java/lang/SafeVarargs done
Event: 18.425 loading class java/util/concurrent/ConcurrentHashMap$TreeNode
Event: 18.425 loading class java/util/concurrent/ConcurrentHashMap$TreeNode done
Event: 18.425 loading class java/util/concurrent/ConcurrentHashMap$TreeBin
Event: 18.426 loading class java/util/concurrent/ConcurrentHashMap$TreeBin done
Event: 19.172 loading class java/lang/Package$1PackageInfoProxy
Event: 19.172 loading class java/lang/Package$1PackageInfoProxy done
Event: 19.361 loading class java/util/stream/ReduceOps$5
Event: 19.361 loading class java/util/stream/ReduceOps$5 done
Event: 19.361 loading class java/util/stream/ReduceOps$CountingSink$OfRef
Event: 19.361 loading class java/util/stream/ReduceOps$CountingSink
Event: 19.361 loading class java/util/stream/ReduceOps$CountingSink done
Event: 19.361 loading class java/util/stream/ReduceOps$CountingSink$OfRef done


Dynamic libraries:
0x00007ff602070000 - 0x00007ff602080000 	C:\Program Files\Java\jdk-17\bin\java.exe
0x00007ff8f3e50000 - 0x00007ff8f4048000 	C:\WINDOWS\SYSTEM32\ntdll.dll
0x00007ff8f3110000 - 0x00007ff8f31cd000 	C:\WINDOWS\System32\KERNEL32.DLL
0x00007ff8f0f60000 - 0x00007ff8f1256000 	C:\WINDOWS\System32\KERNELBASE.dll
0x00007ff8f1260000 - 0x00007ff8f1360000 	C:\WINDOWS\System32\ucrtbase.dll
0x00007ff8cd3d0000 - 0x00007ff8cd3eb000 	C:\Program Files\Java\jdk-17\bin\VCRUNTIME140.dll
0x00007ff8cd360000 - 0x00007ff8cd378000 	C:\Program Files\Java\jdk-17\bin\jli.dll
0x00007ff8f14e0000 - 0x00007ff8f1593000 	C:\WINDOWS\System32\ADVAPI32.dll
0x00007ff8f1a50000 - 0x00007ff8f1aee000 	C:\WINDOWS\System32\msvcrt.dll
0x00007ff8f3940000 - 0x00007ff8f39df000 	C:\WINDOWS\System32\sechost.dll
0x00007ff8f1fd0000 - 0x00007ff8f20f6000 	C:\WINDOWS\System32\RPCRT4.dll
0x00007ff8f1480000 - 0x00007ff8f14a7000 	C:\WINDOWS\System32\bcrypt.dll
0x00007ff8f2f70000 - 0x00007ff8f310e000 	C:\WINDOWS\System32\USER32.dll
0x00007ff8f14b0000 - 0x00007ff8f14d2000 	C:\WINDOWS\System32\win32u.dll
0x00007ff8f2c10000 - 0x00007ff8f2c3b000 	C:\WINDOWS\System32\GDI32.dll
0x00007ff8f0bd0000 - 0x00007ff8f0ce7000 	C:\WINDOWS\System32\gdi32full.dll
0x00007ff8f13e0000 - 0x00007ff8f147d000 	C:\WINDOWS\System32\msvcp_win.dll
0x00007ff8de1c0000 - 0x00007ff8de45a000 	C:\WINDOWS\WinSxS\amd64_microsoft.windows.common-controls_6595b64144ccf1df_6.0.19041.3636_none_60b6a03d71f818d5\COMCTL32.dll
0x00007ff8e2c40000 - 0x00007ff8e2c4a000 	C:\WINDOWS\SYSTEM32\VERSION.dll
0x00007ff8f1f70000 - 0x00007ff8f1fa2000 	C:\WINDOWS\System32\IMM32.DLL
0x00007ff8eab90000 - 0x00007ff8eab9c000 	C:\Program Files\Java\jdk-17\bin\vcruntime140_1.dll
0x00007ff8920a0000 - 0x00007ff89212e000 	C:\Program Files\Java\jdk-17\bin\msvcp140.dll
0x00007ff86ffd0000 - 0x00007ff870ba7000 	C:\Program Files\Java\jdk-17\bin\server\jvm.dll
0x00007ff8f2460000 - 0x00007ff8f2468000 	C:\WINDOWS\System32\PSAPI.DLL
0x00007ff8db040000 - 0x00007ff8db049000 	C:\WINDOWS\SYSTEM32\WSOCK32.dll
0x00007ff8f3da0000 - 0x00007ff8f3e0b000 	C:\WINDOWS\System32\WS2_32.dll
0x00007ff8dee00000 - 0x00007ff8dee27000 	C:\WINDOWS\SYSTEM32\WINMM.dll
0x00007ff8ee9a0000 - 0x00007ff8ee9b2000 	C:\WINDOWS\SYSTEM32\kernel.appcore.dll
0x00007ff8e0070000 - 0x00007ff8e007a000 	C:\Program Files\Java\jdk-17\bin\jimage.dll
0x00007ff8dc5c0000 - 0x00007ff8dc7a4000 	C:\WINDOWS\SYSTEM32\DBGHELP.DLL
0x00007ff8dcb60000 - 0x00007ff8dcb94000 	C:\WINDOWS\SYSTEM32\dbgcore.DLL
0x00007ff8f0d40000 - 0x00007ff8f0dc2000 	C:\WINDOWS\System32\bcryptPrimitives.dll
0x00007ff8ec490000 - 0x00007ff8ec49e000 	C:\Program Files\Java\jdk-17\bin\instrument.dll
0x00007ff8ca1c0000 - 0x00007ff8ca1e5000 	C:\Program Files\Java\jdk-17\bin\java.dll
0x00007ff88e670000 - 0x00007ff88e747000 	C:\Program Files\Java\jdk-17\bin\jsvml.dll
0x00007ff8f31d0000 - 0x00007ff8f3915000 	C:\WINDOWS\System32\SHELL32.dll
0x00007ff8eeba0000 - 0x00007ff8ef33c000 	C:\WINDOWS\SYSTEM32\windows.storage.dll
0x00007ff8f2100000 - 0x00007ff8f2454000 	C:\WINDOWS\System32\combase.dll
0x00007ff8f0470000 - 0x00007ff8f049e000 	C:\WINDOWS\SYSTEM32\Wldp.dll
0x00007ff8f2cb0000 - 0x00007ff8f2d7d000 	C:\WINDOWS\System32\OLEAUT32.dll
0x00007ff8f2d80000 - 0x00007ff8f2e2d000 	C:\WINDOWS\System32\SHCORE.dll
0x00007ff8f2e30000 - 0x00007ff8f2e85000 	C:\WINDOWS\System32\shlwapi.dll
0x00007ff8f0a50000 - 0x00007ff8f0a75000 	C:\WINDOWS\SYSTEM32\profapi.dll
0x00007ff8c6700000 - 0x00007ff8c6718000 	C:\Program Files\Java\jdk-17\bin\zip.dll
0x00007ff8c6d70000 - 0x00007ff8c6d89000 	C:\Program Files\Java\jdk-17\bin\net.dll
0x00007ff8eaa60000 - 0x00007ff8eab6a000 	C:\WINDOWS\SYSTEM32\WINHTTP.dll
0x00007ff8f0250000 - 0x00007ff8f02ba000 	C:\WINDOWS\system32\mswsock.dll
0x00007ff8c6910000 - 0x00007ff8c6926000 	C:\Program Files\Java\jdk-17\bin\nio.dll
0x00007ff8cd700000 - 0x00007ff8cd71a000 	C:\Program Files\JetBrains\IntelliJ IDEA Community Edition 2023.1.2\bin\breakgen64.dll
0x00007ff8eff20000 - 0x00007ff8eff5b000 	C:\WINDOWS\SYSTEM32\IPHLPAPI.DLL
0x00007ff8f1f60000 - 0x00007ff8f1f68000 	C:\WINDOWS\System32\NSI.dll
0x00007ff8e5c60000 - 0x00007ff8e5c77000 	C:\WINDOWS\SYSTEM32\dhcpcsvc6.DLL
0x00007ff8eab70000 - 0x00007ff8eab8d000 	C:\WINDOWS\SYSTEM32\dhcpcsvc.DLL
0x00007ff8eff60000 - 0x00007ff8f002b000 	C:\WINDOWS\SYSTEM32\DNSAPI.dll
0x00007ff8dea40000 - 0x00007ff8dea4a000 	C:\Windows\System32\rasadhlp.dll
0x00007ff8e8d80000 - 0x00007ff8e8e00000 	C:\WINDOWS\System32\fwpuclnt.dll
0x00007ff8ea700000 - 0x00007ff8ea70d000 	C:\Program Files\Java\jdk-17\bin\sunmscapi.dll
0x00007ff8f0dd0000 - 0x00007ff8f0f2d000 	C:\WINDOWS\System32\CRYPT32.dll
0x00007ff8f04e0000 - 0x00007ff8f0508000 	C:\WINDOWS\SYSTEM32\ncrypt.dll
0x00007ff8f04a0000 - 0x00007ff8f04db000 	C:\WINDOWS\SYSTEM32\NTASN1.dll
0x00007ff8f07c0000 - 0x00007ff8f07d8000 	C:\WINDOWS\SYSTEM32\CRYPTSP.dll
0x00007ff8efb40000 - 0x00007ff8efb74000 	C:\WINDOWS\system32\rsaenh.dll
0x00007ff8f0a10000 - 0x00007ff8f0a3e000 	C:\WINDOWS\SYSTEM32\USERENV.dll
0x00007ff8f03e0000 - 0x00007ff8f03ec000 	C:\WINDOWS\SYSTEM32\CRYPTBASE.dll
0x00007ff8ea780000 - 0x00007ff8ea78a000 	C:\Program Files\Java\jdk-17\bin\management.dll
0x00007ff8ea740000 - 0x00007ff8ea74b000 	C:\Program Files\Java\jdk-17\bin\management_ext.dll
0x00007ff8ddf70000 - 0x00007ff8ddf80000 	C:\Program Files\Java\jdk-17\bin\verify.dll

dbghelp: loaded successfully - version: 4.0.5 - missing functions: none
symbol engine: initialized successfully - sym options: 0x614 - pdb path: .;C:\Program Files\Java\jdk-17\bin;C:\WINDOWS\SYSTEM32;C:\WINDOWS\WinSxS\amd64_microsoft.windows.common-controls_6595b64144ccf1df_6.0.19041.3636_none_60b6a03d71f818d5;C:\Program Files\Java\jdk-17\bin\server;C:\Program Files\JetBrains\IntelliJ IDEA Community Edition 2023.1.2\bin

VM Arguments:
jvm_args: -javaagent:C:\Program Files\JetBrains\IntelliJ IDEA Community Edition 2023.1.2\lib\idea_rt.jar=53381:C:\Program Files\JetBrains\IntelliJ IDEA Community Edition 2023.1.2\bin -Dfile.encoding=UTF-8 
java_command: com.question.QuestionService.QuestionServiceApplication
java_class_path (initial): G:\SpringBoot Projects\Microservices\QuestionService\target\classes;C:\Users\TANISHT\.m2\repository\org\springframework\boot\spring-boot-starter-data-jpa\3.2.3\spring-boot-starter-data-jpa-3.2.3.jar;C:\Users\TANISHT\.m2\repository\org\springframework\boot\spring-boot-starter-aop\3.2.3\spring-boot-starter-aop-3.2.3.jar;C:\Users\TANISHT\.m2\repository\org\springframework\spring-aop\6.1.4\spring-aop-6.1.4.jar;C:\Users\TANISHT\.m2\repository\org\aspectj\aspectjweaver\1.9.21\aspectjweaver-1.9.21.jar;C:\Users\TANISHT\.m2\repository\org\springframework\boot\spring-boot-starter-jdbc\3.2.3\spring-boot-starter-jdbc-3.2.3.jar;C:\Users\TANISHT\.m2\repository\com\zaxxer\HikariCP\5.0.1\HikariCP-5.0.1.jar;C:\Users\TANISHT\.m2\repository\org\springframework\spring-jdbc\6.1.4\spring-jdbc-6.1.4.jar;C:\Users\TANISHT\.m2\repository\org\hibernate\orm\hibernate-core\6.4.4.Final\hibernate-core-6.4.4.Final.jar;C:\Users\TANISHT\.m2\repository\jakarta\persistence\jakarta.persistence-api\3.1.0\jakarta.persistence-api-3.1.0.jar;C:\Users\TANISHT\.m2\repository\jakarta\transaction\jakarta.transaction-api\2.0.1\jakarta.transaction-api-2.0.1.jar;C:\Users\TANISHT\.m2\repository\org\jboss\logging\jboss-logging\3.5.3.Final\jboss-logging-3.5.3.Final.jar;C:\Users\TANISHT\.m2\repository\org\hibernate\common\hibernate-commons-annotations\6.0.6.Final\hibernate-commons-annotations-6.0.6.Final.jar;C:\Users\TANISHT\.m2\repository\io\smallrye\jandex\3.1.2\jandex-3.1.2.jar;C:\Users\TANISHT\.m2\repository\com\fasterxml\classmate\1.6.0\classmate-1.6.0.jar;C:\Users\TANISHT\.m2\repository\net\bytebuddy\byte-buddy\1.14.12\byte-buddy-1.14.12.jar;C:\Users\TANISHT\.m2\repository\org\glassfish\jaxb\jaxb-runtime\4.0.4\jaxb-runtime-4.0.4.jar;C:\Users\TANISHT\.m2\repository\org\glassfish\jaxb\jaxb-core\4.0.4\jaxb-core-4.0.4.jar;C:\Users\TANISHT\.m2\repository\org\eclipse\angus\angus-activation\2.0.1\angus-activation-2.0.1.jar;C:\Users\TANISHT\.m2\repository\org\glassfish\jaxb\txw2\4.0.4\txw2-4
Launcher Type: SUN_STANDARD

[Global flags]
     intx CICompilerCount                          = 3                                         {product} {ergonomic}
     uint ConcGCThreads                            = 1                                         {product} {ergonomic}
     uint G1ConcRefinementThreads                  = 4                                         {product} {ergonomic}
   size_t G1HeapRegionSize                         = 1048576                                   {product} {ergonomic}
    uintx GCDrainStackTargetSize                   = 64                                        {product} {ergonomic}
   size_t InitialHeapSize                          = 134217728                                 {product} {ergonomic}
   size_t MarkStackSize                            = 4194304                                   {product} {ergonomic}
   size_t MaxHeapSize                              = 2126512128                                {product} {ergonomic}
   size_t MaxNewSize                               = 1275068416                                {product} {ergonomic}
   size_t MinHeapDeltaBytes                        = 1048576                                   {product} {ergonomic}
   size_t MinHeapSize                              = 8388608                                   {product} {ergonomic}
    uintx NonNMethodCodeHeapSize                   = 5832780                                {pd product} {ergonomic}
    uintx NonProfiledCodeHeapSize                  = 122912730                              {pd product} {ergonomic}
    uintx ProfiledCodeHeapSize                     = 122912730                              {pd product} {ergonomic}
    uintx ReservedCodeCacheSize                    = 251658240                              {pd product} {ergonomic}
     bool SegmentedCodeCache                       = true                                      {product} {ergonomic}
   size_t SoftMaxHeapSize                          = 2126512128                             {manageable} {ergonomic}
     bool UseCompressedClassPointers               = true                           {product lp64_product} {ergonomic}
     bool UseCompressedOops                        = true                           {product lp64_product} {ergonomic}
     bool UseG1GC                                  = true                                      {product} {ergonomic}
     bool UseLargePagesIndividualAllocation        = false                                  {pd product} {ergonomic}

Logging:
Log output configuration:
 #0: stdout all=warning uptime,level,tags
 #1: stderr all=off uptime,level,tags

Environment Variables:
PATH=C:\Program Files\Common Files\Oracle\Java\javapath;C:\Program Files (x86)\Common Files\Oracle\Java\javapath;C:\Windows\system32;C:\Windows;C:\Windows\System32\Wbem;C:\Windows\System32\WindowsPowerShell\v1.0\;C:\Program Files (x86)\NVIDIA Corporation\PhysX\Common;C:\Program Files\NVIDIA Corporation\NVIDIA NvDLISR;C:\Program Files (x86)\CodeBlocks\MinGW\bin;C:\MinGW\bin;C:\WINDOWS\system32;C:\WINDOWS;C:\WINDOWS\System32\Wbem;C:\WINDOWS\System32\WindowsPowerShell\v1.0\;C:\WINDOWS\System32\OpenSSH\;C:\Program Files\dotnet\;C:\Program Files\nodejs\;C:\Program Files\Git\cmd;C:\Program Files\JetBrains\IntelliJ IDEA Community Edition 2023.1.2\plugins\maven\lib\maven3\bin;;C:\Program Files\Docker\Docker\resources\bin;C:\Users\TANISHT\AppData\Local\Programs\Python\Python38\Scripts\;C:\Users\TANISHT\AppData\Local\Programs\Python\Python38\;C:\Users\TANISHT\Downloads\Compressed\platform-tools_r29.0.6-windows\platform-tools;C:\Users\TANISHT\AppData\Local\GitHubDesktop\bin;C:\Program Files\heroku\bin;C:\Users\TANISHT\AppData\Local\Microsoft\WindowsApps;C:\Users\TANISHT\AppData\Local\Programs\Microsoft VS Code\bin;C:\Users\TANISHT\AppData\Roaming\npm;C:\Program Files\nodejs\node_modules\npm;C:\Program Files\JetBrains\IntelliJ IDEA Community Edition 2023.1.2\bin;;C:\Program Files\JetBrains\IntelliJ IDEA Community Edition 2023.1.2\plugins\maven\lib\maven3;%M2_HOME%\bin;C:\Program Files\MongoDB\Server\7.0\bin;C:\Program Files\MongoDB\mongosh-2.0.2-win32-x64\bin;
USERNAME=TANISHT
OS=Windows_NT
PROCESSOR_IDENTIFIER=Intel64 Family 6 Model 61 Stepping 4, GenuineIntel



---------------  S Y S T E M  ---------------

OS:
 Windows 10 , 64 bit Build 19041 (10.0.19041.3636)
OS uptime: 0 days 9:19 hours
Hyper-V role detected

CPU: total 4 (initial active 4) (2 cores per cpu, 2 threads per core) family 6 model 61 stepping 4 microcode 0x2d, cx8, cmov, fxsr, ht, mmx, 3dnowpref, sse, sse2, sse3, ssse3, sse4.1, sse4.2, popcnt, lzcnt, tsc, tscinvbit, avx, avx2, aes, erms, clmul, bmi1, bmi2, adx, fma, vzeroupper, clflush, hv

Memory: 4k page, system-wide physical 8109M (403M free)
TotalPageFile size 14113M (AvailPageFile size 6M)
current process WorkingSet (physical memory assigned to process): 233M, peak: 240M
current process commit charge ("private bytes"): 264M, peak: 272M

vm_info: Java HotSpot(TM) 64-Bit Server VM (17.0.6+9-LTS-190) for windows-amd64 JRE (17.0.6+9-LTS-190), built on Dec  6 2022 15:53:54 by "mach5one" with MS VC++ 17.1 (VS2022)

END.
